<?xml version="1.0" encoding="UTF-8"?>
<!-- Generated by org.testng.reporters.JUnitReportReporter -->
<testsuite skipped="0" hostname="Nadims-MacBook-Air.local" name="freshpro.NewTest" tests="2" failures="0" timestamp="27 Jan 2018 10:39:58 GMT" time="57.998" errors="0">
  <testcase name="f" time="30.227" classname="freshpro.NewTest"/>
  <testcase name="f" time="27.771" classname="freshpro.NewTest"/>
</testsuite> <!-- freshpro.NewTest -->
