<?xml version="1.0" encoding="UTF-8"?>
<!-- Generated by org.testng.reporters.JUnitReportReporter -->
<testsuite skipped="0" hostname="Nadims-MacBook-Air.local" name="freshpro.NewTest12" tests="3" failures="0" timestamp="24 Jan 2018 11:01:18 GMT" time="0.021" errors="0">
  <testcase name="f" time="0.003" classname="freshpro.NewTest12"/>
  <testcase name="f" time="0.016" classname="freshpro.NewTest12"/>
  <testcase name="f" time="0.002" classname="freshpro.NewTest12"/>
</testsuite> <!-- freshpro.NewTest12 -->
